This is pdfTeX, Version 3.14159265-2.6-1.40.19 (MiKTeX 2.9.6840 64-bit) (preloaded format=pdflatex 2018.11.1)  28 NOV 2018 21:47
entering extended mode
**"D:/TG/TESIS CNN/Diapositivas_Tesis-2018/start.tex"
("D:/TG/TESIS CNN/Diapositivas_Tesis-2018/start.tex"
LaTeX2e <2018-04-01> patch level 5

("C:\Users\Usuario\AppData\Local\Programs\MiKTeX 2.9\tex\latex\beamer\beamer.cl
s"
Document Class: beamer 2018/09/20 v3.54 A class for typesetting presentations

("C:\Users\Usuario\AppData\Local\Programs\MiKTeX 2.9\tex\latex\beamer\beamerbas
emodes.sty"
("C:\Users\Usuario\AppData\Local\Programs\MiKTeX 2.9\tex\latex\etoolbox\etoolbo
x.sty"
Package: etoolbox 2018/08/19 v2.5f e-TeX tools for LaTeX (JAW)
\etb@tempcnta=\count80
)
\beamer@tempbox=\box26
\beamer@tempcount=\count81
\c@beamerpauses=\count82

("C:\Users\Usuario\AppData\Local\Programs\MiKTeX 2.9\tex\latex\beamer\beamerbas
edecode.sty"
\beamer@slideinframe=\count83
\beamer@minimum=\count84
)
\beamer@commentbox=\box27
\beamer@modecount=\count85
)
("C:\Users\Usuario\AppData\Local\Programs\MiKTeX 2.9\tex\generic\oberdiek\ifpdf
.sty"
Package: ifpdf 2018/09/07 v3.3 Provides the ifpdf switch
)
\headdp=\dimen102
\footheight=\dimen103
\sidebarheight=\dimen104
\beamer@tempdim=\dimen105
\beamer@finalheight=\dimen106
\beamer@animht=\dimen107
\beamer@animdp=\dimen108
\beamer@animwd=\dimen109
\beamer@leftmargin=\dimen110
\beamer@rightmargin=\dimen111
\beamer@leftsidebar=\dimen112
\beamer@rightsidebar=\dimen113
\beamer@boxsize=\dimen114
\beamer@vboxoffset=\dimen115
\beamer@descdefault=\dimen116
\beamer@descriptionwidth=\dimen117
\beamer@lastskip=\skip41
\beamer@areabox=\box28
\beamer@animcurrent=\box29
\beamer@animshowbox=\box30
\beamer@sectionbox=\box31
\beamer@logobox=\box32
\beamer@linebox=\box33
\beamer@sectioncount=\count86
\beamer@subsubsectionmax=\count87
\beamer@subsectionmax=\count88
\beamer@sectionmax=\count89
\beamer@totalheads=\count90
\beamer@headcounter=\count91
\beamer@partstartpage=\count92
\beamer@sectionstartpage=\count93
\beamer@subsectionstartpage=\count94
\beamer@animationtempa=\count95
\beamer@animationtempb=\count96
\beamer@xpos=\count97
\beamer@ypos=\count98
\beamer@ypos@offset=\count99
\beamer@showpartnumber=\count100
\beamer@currentsubsection=\count101
\beamer@coveringdepth=\count102
\beamer@sectionadjust=\count103
\beamer@tocsectionnumber=\count104

("C:\Users\Usuario\AppData\Local\Programs\MiKTeX 2.9\tex\latex\beamer\beamerbas
eoptions.sty"
("C:\Users\Usuario\AppData\Local\Programs\MiKTeX 2.9\tex\latex\graphics\keyval.
sty"
Package: keyval 2014/10/28 v1.15 key=value parser (DPC)
\KV@toks@=\toks14
))
\beamer@paperwidth=\skip42
\beamer@paperheight=\skip43

("C:\Users\Usuario\AppData\Local\Programs\MiKTeX 2.9\tex\latex\geometry\geometr
y.sty"
Package: geometry 2018/04/16 v5.8 Page Geometry

("C:\Users\Usuario\AppData\Local\Programs\MiKTeX 2.9\tex\generic\oberdiek\ifvte
x.sty"
Package: ifvtex 2016/05/16 v1.6 Detect VTeX and its facilities (HO)
Package ifvtex Info: VTeX not detected.
)
("C:\Users\Usuario\AppData\Local\Programs\MiKTeX 2.9\tex\generic\ifxetex\ifxete
x.sty"
Package: ifxetex 2010/09/12 v0.6 Provides ifxetex conditional
)
\Gm@cnth=\count105
\Gm@cntv=\count106
\c@Gm@tempcnt=\count107
\Gm@bindingoffset=\dimen118
\Gm@wd@mp=\dimen119
\Gm@odd@mp=\dimen120
\Gm@even@mp=\dimen121
\Gm@layoutwidth=\dimen122
\Gm@layoutheight=\dimen123
\Gm@layouthoffset=\dimen124
\Gm@layoutvoffset=\dimen125
\Gm@dimlist=\toks15

("C:\Users\Usuario\AppData\Local\Programs\MiKTeX 2.9\tex\latex\geometry\geometr
y.cfg"))
("C:\Users\Usuario\AppData\Local\Programs\MiKTeX 2.9\tex\latex\base\size10.clo"
File: size10.clo 2014/09/29 v1.4h Standard LaTeX file (size option)
)
("C:\Users\Usuario\AppData\Local\Programs\MiKTeX 2.9\tex\latex\pgf\basiclayer\p
gfcore.sty"
("C:\Users\Usuario\AppData\Local\Programs\MiKTeX 2.9\tex\latex\graphics\graphic
x.sty"
Package: graphicx 2017/06/01 v1.1a Enhanced LaTeX Graphics (DPC,SPQR)

("C:\Users\Usuario\AppData\Local\Programs\MiKTeX 2.9\tex\latex\graphics\graphic
s.sty"
Package: graphics 2017/06/25 v1.2c Standard LaTeX Graphics (DPC,SPQR)

("C:\Users\Usuario\AppData\Local\Programs\MiKTeX 2.9\tex\latex\graphics\trig.st
y"
Package: trig 2016/01/03 v1.10 sin cos tan (DPC)
)
("C:\Users\Usuario\AppData\Local\Programs\MiKTeX 2.9\tex\latex\graphics-cfg\gra
phics.cfg"
File: graphics.cfg 2016/06/04 v1.11 sample graphics configuration
)
Package graphics Info: Driver file: pdftex.def on input line 99.

("C:\Users\Usuario\AppData\Local\Programs\MiKTeX 2.9\tex\latex\graphics-def\pdf
tex.def"
File: pdftex.def 2018/01/08 v1.0l Graphics/color driver for pdftex
))
\Gin@req@height=\dimen126
\Gin@req@width=\dimen127
)
("C:\Users\Usuario\AppData\Local\Programs\MiKTeX 2.9\tex\latex\pgf\systemlayer\
pgfsys.sty"
("C:\Users\Usuario\AppData\Local\Programs\MiKTeX 2.9\tex\latex\pgf\utilities\pg
frcs.sty"
("C:\Users\Usuario\AppData\Local\Programs\MiKTeX 2.9\tex\generic\pgf\utilities\
pgfutil-common.tex"
\pgfutil@everybye=\toks16
\pgfutil@tempdima=\dimen128
\pgfutil@tempdimb=\dimen129

("C:\Users\Usuario\AppData\Local\Programs\MiKTeX 2.9\tex\generic\pgf\utilities\
pgfutil-common-lists.tex"))
("C:\Users\Usuario\AppData\Local\Programs\MiKTeX 2.9\tex\generic\pgf\utilities\
pgfutil-latex.def"
\pgfutil@abb=\box34

("C:\Users\Usuario\AppData\Local\Programs\MiKTeX 2.9\tex\latex\ms\everyshi.sty"
Package: everyshi 2001/05/15 v3.00 EveryShipout Package (MS)
))
("C:\Users\Usuario\AppData\Local\Programs\MiKTeX 2.9\tex\generic\pgf\utilities\
pgfrcs.code.tex"
Package: pgfrcs 2015/08/07 v3.0.1a (rcs-revision 1.31)
))
("C:\Users\Usuario\AppData\Local\Programs\MiKTeX 2.9\tex\generic\pgf\systemlaye
r\pgfsys.code.tex"
Package: pgfsys 2014/07/09 v3.0.1a (rcs-revision 1.48)

("C:\Users\Usuario\AppData\Local\Programs\MiKTeX 2.9\tex\generic\pgf\utilities\
pgfkeys.code.tex"
\pgfkeys@pathtoks=\toks17
\pgfkeys@temptoks=\toks18

("C:\Users\Usuario\AppData\Local\Programs\MiKTeX 2.9\tex\generic\pgf\utilities\
pgfkeysfiltered.code.tex"
\pgfkeys@tmptoks=\toks19
))
\pgf@x=\dimen130
\pgf@y=\dimen131
\pgf@xa=\dimen132
\pgf@ya=\dimen133
\pgf@xb=\dimen134
\pgf@yb=\dimen135
\pgf@xc=\dimen136
\pgf@yc=\dimen137
\w@pgf@writea=\write3
\r@pgf@reada=\read1
\c@pgf@counta=\count108
\c@pgf@countb=\count109
\c@pgf@countc=\count110
\c@pgf@countd=\count111
\t@pgf@toka=\toks20
\t@pgf@tokb=\toks21
\t@pgf@tokc=\toks22

("C:\Users\Usuario\AppData\Local\Programs\MiKTeX 2.9\tex\generic\pgf\systemlaye
r\pgf.cfg"
File: pgf.cfg 2008/05/14  (rcs-revision 1.7)
)
Driver file for pgf: pgfsys-pdftex.def

("C:\Users\Usuario\AppData\Local\Programs\MiKTeX 2.9\tex\generic\pgf\systemlaye
r\pgfsys-pdftex.def"
File: pgfsys-pdftex.def 2014/10/11  (rcs-revision 1.35)

("C:\Users\Usuario\AppData\Local\Programs\MiKTeX 2.9\tex\generic\pgf\systemlaye
r\pgfsys-common-pdf.def"
File: pgfsys-common-pdf.def 2013/10/10  (rcs-revision 1.13)
)))
("C:\Users\Usuario\AppData\Local\Programs\MiKTeX 2.9\tex\generic\pgf\systemlaye
r\pgfsyssoftpath.code.tex"
File: pgfsyssoftpath.code.tex 2013/09/09  (rcs-revision 1.9)
\pgfsyssoftpath@smallbuffer@items=\count112
\pgfsyssoftpath@bigbuffer@items=\count113
)
("C:\Users\Usuario\AppData\Local\Programs\MiKTeX 2.9\tex\generic\pgf\systemlaye
r\pgfsysprotocol.code.tex"
File: pgfsysprotocol.code.tex 2006/10/16  (rcs-revision 1.4)
))
("C:\Users\Usuario\AppData\Local\Programs\MiKTeX 2.9\tex\latex\xcolor\xcolor.st
y"
Package: xcolor 2016/05/11 v2.12 LaTeX color extensions (UK)

("C:\Users\Usuario\AppData\Local\Programs\MiKTeX 2.9\tex\latex\graphics-cfg\col
or.cfg"
File: color.cfg 2016/01/02 v1.6 sample color configuration
)
Package xcolor Info: Driver file: pdftex.def on input line 225.
Package xcolor Info: Model `cmy' substituted by `cmy0' on input line 1348.
Package xcolor Info: Model `hsb' substituted by `rgb' on input line 1352.
Package xcolor Info: Model `RGB' extended on input line 1364.
Package xcolor Info: Model `HTML' substituted by `rgb' on input line 1366.
Package xcolor Info: Model `Hsb' substituted by `hsb' on input line 1367.
Package xcolor Info: Model `tHsb' substituted by `hsb' on input line 1368.
Package xcolor Info: Model `HSB' substituted by `hsb' on input line 1369.
Package xcolor Info: Model `Gray' substituted by `gray' on input line 1370.
Package xcolor Info: Model `wave' substituted by `hsb' on input line 1371.
)
("C:\Users\Usuario\AppData\Local\Programs\MiKTeX 2.9\tex\generic\pgf\basiclayer
\pgfcore.code.tex"
Package: pgfcore 2010/04/11 v3.0.1a (rcs-revision 1.7)

("C:\Users\Usuario\AppData\Local\Programs\MiKTeX 2.9\tex\generic\pgf\math\pgfma
th.code.tex"
("C:\Users\Usuario\AppData\Local\Programs\MiKTeX 2.9\tex\generic\pgf\math\pgfma
thcalc.code.tex"
("C:\Users\Usuario\AppData\Local\Programs\MiKTeX 2.9\tex\generic\pgf\math\pgfma
thutil.code.tex")
("C:\Users\Usuario\AppData\Local\Programs\MiKTeX 2.9\tex\generic\pgf\math\pgfma
thparser.code.tex"
\pgfmath@dimen=\dimen138
\pgfmath@count=\count114
\pgfmath@box=\box35
\pgfmath@toks=\toks23
\pgfmath@stack@operand=\toks24
\pgfmath@stack@operation=\toks25
)
("C:\Users\Usuario\AppData\Local\Programs\MiKTeX 2.9\tex\generic\pgf\math\pgfma
thfunctions.code.tex"
("C:\Users\Usuario\AppData\Local\Programs\MiKTeX 2.9\tex\generic\pgf\math\pgfma
thfunctions.basic.code.tex")
("C:\Users\Usuario\AppData\Local\Programs\MiKTeX 2.9\tex\generic\pgf\math\pgfma
thfunctions.trigonometric.code.tex")
("C:\Users\Usuario\AppData\Local\Programs\MiKTeX 2.9\tex\generic\pgf\math\pgfma
thfunctions.random.code.tex")
("C:\Users\Usuario\AppData\Local\Programs\MiKTeX 2.9\tex\generic\pgf\math\pgfma
thfunctions.comparison.code.tex")
("C:\Users\Usuario\AppData\Local\Programs\MiKTeX 2.9\tex\generic\pgf\math\pgfma
thfunctions.base.code.tex")
("C:\Users\Usuario\AppData\Local\Programs\MiKTeX 2.9\tex\generic\pgf\math\pgfma
thfunctions.round.code.tex")
("C:\Users\Usuario\AppData\Local\Programs\MiKTeX 2.9\tex\generic\pgf\math\pgfma
thfunctions.misc.code.tex")
("C:\Users\Usuario\AppData\Local\Programs\MiKTeX 2.9\tex\generic\pgf\math\pgfma
thfunctions.integerarithmetics.code.tex")))
("C:\Users\Usuario\AppData\Local\Programs\MiKTeX 2.9\tex\generic\pgf\math\pgfma
thfloat.code.tex"
\c@pgfmathroundto@lastzeros=\count115
))
("C:\Users\Usuario\AppData\Local\Programs\MiKTeX 2.9\tex\generic\pgf\basiclayer
\pgfcorepoints.code.tex"
File: pgfcorepoints.code.tex 2013/10/07  (rcs-revision 1.27)
\pgf@picminx=\dimen139
\pgf@picmaxx=\dimen140
\pgf@picminy=\dimen141
\pgf@picmaxy=\dimen142
\pgf@pathminx=\dimen143
\pgf@pathmaxx=\dimen144
\pgf@pathminy=\dimen145
\pgf@pathmaxy=\dimen146
\pgf@xx=\dimen147
\pgf@xy=\dimen148
\pgf@yx=\dimen149
\pgf@yy=\dimen150
\pgf@zx=\dimen151
\pgf@zy=\dimen152
)
("C:\Users\Usuario\AppData\Local\Programs\MiKTeX 2.9\tex\generic\pgf\basiclayer
\pgfcorepathconstruct.code.tex"
File: pgfcorepathconstruct.code.tex 2013/10/07  (rcs-revision 1.29)
\pgf@path@lastx=\dimen153
\pgf@path@lasty=\dimen154
)
("C:\Users\Usuario\AppData\Local\Programs\MiKTeX 2.9\tex\generic\pgf\basiclayer
\pgfcorepathusage.code.tex"
File: pgfcorepathusage.code.tex 2014/11/02  (rcs-revision 1.24)
\pgf@shorten@end@additional=\dimen155
\pgf@shorten@start@additional=\dimen156
)
("C:\Users\Usuario\AppData\Local\Programs\MiKTeX 2.9\tex\generic\pgf\basiclayer
\pgfcorescopes.code.tex"
File: pgfcorescopes.code.tex 2015/05/08  (rcs-revision 1.46)
\pgfpic=\box36
\pgf@hbox=\box37
\pgf@layerbox@main=\box38
\pgf@picture@serial@count=\count116
)
("C:\Users\Usuario\AppData\Local\Programs\MiKTeX 2.9\tex\generic\pgf\basiclayer
\pgfcoregraphicstate.code.tex"
File: pgfcoregraphicstate.code.tex 2014/11/02  (rcs-revision 1.12)
\pgflinewidth=\dimen157
)
("C:\Users\Usuario\AppData\Local\Programs\MiKTeX 2.9\tex\generic\pgf\basiclayer
\pgfcoretransformations.code.tex"
File: pgfcoretransformations.code.tex 2015/08/07  (rcs-revision 1.20)
\pgf@pt@x=\dimen158
\pgf@pt@y=\dimen159
\pgf@pt@temp=\dimen160
)
("C:\Users\Usuario\AppData\Local\Programs\MiKTeX 2.9\tex\generic\pgf\basiclayer
\pgfcorequick.code.tex"
File: pgfcorequick.code.tex 2008/10/09  (rcs-revision 1.3)
)
("C:\Users\Usuario\AppData\Local\Programs\MiKTeX 2.9\tex\generic\pgf\basiclayer
\pgfcoreobjects.code.tex"
File: pgfcoreobjects.code.tex 2006/10/11  (rcs-revision 1.2)
)
("C:\Users\Usuario\AppData\Local\Programs\MiKTeX 2.9\tex\generic\pgf\basiclayer
\pgfcorepathprocessing.code.tex"
File: pgfcorepathprocessing.code.tex 2013/09/09  (rcs-revision 1.9)
)
("C:\Users\Usuario\AppData\Local\Programs\MiKTeX 2.9\tex\generic\pgf\basiclayer
\pgfcorearrows.code.tex"
File: pgfcorearrows.code.tex 2015/05/14  (rcs-revision 1.43)
\pgfarrowsep=\dimen161
)
("C:\Users\Usuario\AppData\Local\Programs\MiKTeX 2.9\tex\generic\pgf\basiclayer
\pgfcoreshade.code.tex"
File: pgfcoreshade.code.tex 2013/07/15  (rcs-revision 1.15)
\pgf@max=\dimen162
\pgf@sys@shading@range@num=\count117
)
("C:\Users\Usuario\AppData\Local\Programs\MiKTeX 2.9\tex\generic\pgf\basiclayer
\pgfcoreimage.code.tex"
File: pgfcoreimage.code.tex 2013/07/15  (rcs-revision 1.18)

("C:\Users\Usuario\AppData\Local\Programs\MiKTeX 2.9\tex\generic\pgf\basiclayer
\pgfcoreexternal.code.tex"
File: pgfcoreexternal.code.tex 2014/07/09  (rcs-revision 1.21)
\pgfexternal@startupbox=\box39
))
("C:\Users\Usuario\AppData\Local\Programs\MiKTeX 2.9\tex\generic\pgf\basiclayer
\pgfcorelayers.code.tex"
File: pgfcorelayers.code.tex 2013/07/18  (rcs-revision 1.7)
)
("C:\Users\Usuario\AppData\Local\Programs\MiKTeX 2.9\tex\generic\pgf\basiclayer
\pgfcoretransparency.code.tex"
File: pgfcoretransparency.code.tex 2013/09/30  (rcs-revision 1.5)
)
("C:\Users\Usuario\AppData\Local\Programs\MiKTeX 2.9\tex\generic\pgf\basiclayer
\pgfcorepatterns.code.tex"
File: pgfcorepatterns.code.tex 2013/11/07  (rcs-revision 1.5)
)))
("C:\Users\Usuario\AppData\Local\Programs\MiKTeX 2.9\tex\latex\pgf\utilities\xx
color.sty"
Package: xxcolor 2003/10/24 ver 0.1
\XC@nummixins=\count118
\XC@countmixins=\count119
)
("C:\Users\Usuario\AppData\Local\Programs\MiKTeX 2.9\tex\generic\oberdiek\atbeg
shi.sty"
Package: atbegshi 2016/06/09 v1.18 At begin shipout hook (HO)

("C:\Users\Usuario\AppData\Local\Programs\MiKTeX 2.9\tex\generic\oberdiek\infwa
rerr.sty"
Package: infwarerr 2016/05/16 v1.4 Providing info/warning/error messages (HO)
)
("C:\Users\Usuario\AppData\Local\Programs\MiKTeX 2.9\tex\generic\oberdiek\ltxcm
ds.sty"
Package: ltxcmds 2016/05/16 v1.23 LaTeX kernel commands for general use (HO)
))
("C:\Users\Usuario\AppData\Local\Programs\MiKTeX 2.9\tex\latex\hyperref\hyperre
f.sty"
Package: hyperref 2018/09/30 v6.88a Hypertext links for LaTeX

("C:\Users\Usuario\AppData\Local\Programs\MiKTeX 2.9\tex\generic\oberdiek\hobsu
b-hyperref.sty"
Package: hobsub-hyperref 2016/05/16 v1.14 Bundle oberdiek, subset hyperref (HO)


("C:\Users\Usuario\AppData\Local\Programs\MiKTeX 2.9\tex\generic\oberdiek\hobsu
b-generic.sty"
Package: hobsub-generic 2016/05/16 v1.14 Bundle oberdiek, subset generic (HO)
Package: hobsub 2016/05/16 v1.14 Construct package bundles (HO)
Package hobsub Info: Skipping package `infwarerr' (already loaded).
Package hobsub Info: Skipping package `ltxcmds' (already loaded).
Package: ifluatex 2016/05/16 v1.4 Provides the ifluatex switch (HO)
Package ifluatex Info: LuaTeX not detected.
Package hobsub Info: Skipping package `ifvtex' (already loaded).
Package: intcalc 2016/05/16 v1.2 Expandable calculations with integers (HO)
Package hobsub Info: Skipping package `ifpdf' (already loaded).
Package: etexcmds 2016/05/16 v1.6 Avoid name clashes with e-TeX commands (HO)
Package etexcmds Info: Could not find \expanded.
(etexcmds)             That can mean that you are not using pdfTeX 1.50 or
(etexcmds)             that some package has redefined \expanded.
(etexcmds)             In the latter case, load this package earlier.
Package: kvsetkeys 2016/05/16 v1.17 Key value parser (HO)
Package: kvdefinekeys 2016/05/16 v1.4 Define keys (HO)
Package: pdftexcmds 2018/09/10 v0.29 Utility functions of pdfTeX for LuaTeX (HO
)
Package pdftexcmds Info: LuaTeX not detected.
Package pdftexcmds Info: \pdf@primitive is available.
Package pdftexcmds Info: \pdf@ifprimitive is available.
Package pdftexcmds Info: \pdfdraftmode found.
Package: pdfescape 2016/05/16 v1.14 Implements pdfTeX's escape features (HO)
Package: bigintcalc 2016/05/16 v1.4 Expandable calculations on big integers (HO
)
Package: bitset 2016/05/16 v1.2 Handle bit-vector datatype (HO)
Package: uniquecounter 2016/05/16 v1.3 Provide unlimited unique counter (HO)
)
Package hobsub Info: Skipping package `hobsub' (already loaded).
Package: letltxmacro 2016/05/16 v1.5 Let assignment for LaTeX macros (HO)
Package: hopatch 2016/05/16 v1.3 Wrapper for package hooks (HO)
Package: xcolor-patch 2016/05/16 xcolor patch
Package: atveryend 2016/05/16 v1.9 Hooks at the very end of document (HO)
Package hobsub Info: Skipping package `atbegshi' (already loaded).
Package: refcount 2016/05/16 v3.5 Data extraction from label references (HO)
Package: hycolor 2016/05/16 v1.8 Color options for hyperref/bookmark (HO)
)
("C:\Users\Usuario\AppData\Local\Programs\MiKTeX 2.9\tex\latex\oberdiek\auxhook
.sty"
Package: auxhook 2016/05/16 v1.4 Hooks for auxiliary files (HO)
)
("C:\Users\Usuario\AppData\Local\Programs\MiKTeX 2.9\tex\latex\oberdiek\kvoptio
ns.sty"
Package: kvoptions 2016/05/16 v3.12 Key value format for package options (HO)
)
\@linkdim=\dimen163
\Hy@linkcounter=\count120
\Hy@pagecounter=\count121

("C:\Users\Usuario\AppData\Local\Programs\MiKTeX 2.9\tex\latex\hyperref\pd1enc.
def"
File: pd1enc.def 2018/09/30 v6.88a Hyperref: PDFDocEncoding definition (HO)
Now handling font encoding PD1 ...
... no UTF-8 mapping file for font encoding PD1
)
\Hy@SavedSpaceFactor=\count122

("C:\Users\Usuario\AppData\Local\Programs\MiKTeX 2.9\tex\latex\00miktex\hyperre
f.cfg"
File: hyperref.cfg 2002/06/06 v1.2 hyperref configuration of TeXLive
)
Package hyperref Info: Option `bookmarks' set `true' on input line 4409.
Package hyperref Info: Option `bookmarksopen' set `true' on input line 4409.
Package hyperref Info: Option `implicit' set `false' on input line 4409.
Package hyperref Info: Hyper figures OFF on input line 4535.
Package hyperref Info: Link nesting OFF on input line 4540.
Package hyperref Info: Hyper index ON on input line 4543.
Package hyperref Info: Plain pages OFF on input line 4550.
Package hyperref Info: Backreferencing OFF on input line 4555.
Package hyperref Info: Implicit mode OFF; no redefinition of LaTeX internals.
Package hyperref Info: Bookmarks ON on input line 4788.
\c@Hy@tempcnt=\count123

("C:\Users\Usuario\AppData\Local\Programs\MiKTeX 2.9\tex\latex\url\url.sty"
\Urlmuskip=\muskip10
Package: url 2013/09/16  ver 3.4  Verb mode for urls, etc.
)
LaTeX Info: Redefining \url on input line 5141.
\XeTeXLinkMargin=\dimen164
\Fld@menulength=\count124
\Field@Width=\dimen165
\Fld@charsize=\dimen166
Package hyperref Info: Hyper figures OFF on input line 6396.
Package hyperref Info: Link nesting OFF on input line 6401.
Package hyperref Info: Hyper index ON on input line 6404.
Package hyperref Info: backreferencing OFF on input line 6411.
Package hyperref Info: Link coloring OFF on input line 6416.
Package hyperref Info: Link coloring with OCG OFF on input line 6421.
Package hyperref Info: PDF/A mode OFF on input line 6426.
LaTeX Info: Redefining \ref on input line 6466.
LaTeX Info: Redefining \pageref on input line 6470.
\Hy@abspage=\count125


Package hyperref Message: Stopped early.

)
Package hyperref Info: Driver (autodetected): hpdftex.

("C:\Users\Usuario\AppData\Local\Programs\MiKTeX 2.9\tex\latex\hyperref\hpdftex
.def"
File: hpdftex.def 2018/09/30 v6.88a Hyperref driver for pdfTeX
\Fld@listcount=\count126
\c@bookmark@seq@number=\count127

("C:\Users\Usuario\AppData\Local\Programs\MiKTeX 2.9\tex\latex\oberdiek\rerunfi
lecheck.sty"
Package: rerunfilecheck 2016/05/16 v1.8 Rerun checks for auxiliary files (HO)
Package uniquecounter Info: New unique counter `rerunfilecheck' on input line 2
82.
))
("C:\Users\Usuario\AppData\Local\Programs\MiKTeX 2.9\tex\latex\beamer\beamerbas
erequires.sty"
("C:\Users\Usuario\AppData\Local\Programs\MiKTeX 2.9\tex\latex\beamer\beamerbas
ecompatibility.sty")
("C:\Users\Usuario\AppData\Local\Programs\MiKTeX 2.9\tex\latex\beamer\beamerbas
efont.sty"
("C:\Users\Usuario\AppData\Local\Programs\MiKTeX 2.9\tex\latex\amsfonts\amssymb
.sty"
Package: amssymb 2013/01/14 v3.01 AMS font symbols

("C:\Users\Usuario\AppData\Local\Programs\MiKTeX 2.9\tex\latex\amsfonts\amsfont
s.sty"
Package: amsfonts 2013/01/14 v3.01 Basic AMSFonts support
\@emptytoks=\toks26
\symAMSa=\mathgroup4
\symAMSb=\mathgroup5
LaTeX Font Info:    Overwriting math alphabet `\mathfrak' in version `bold'
(Font)                  U/euf/m/n --> U/euf/b/n on input line 106.
))
("C:\Users\Usuario\AppData\Local\Programs\MiKTeX 2.9\tex\latex\sansmathaccent\s
ansmathaccent.sty"
Package: sansmathaccent 2013/03/28

("C:\Users\Usuario\AppData\Local\Programs\MiKTeX 2.9\tex\latex\filehook\filehoo
k.sty"
Package: filehook 2011/10/12 v0.5d Hooks for input files
)))
("C:\Users\Usuario\AppData\Local\Programs\MiKTeX 2.9\tex\latex\beamer\beamerbas
etranslator.sty"
("C:\Users\Usuario\AppData\Local\Programs\MiKTeX 2.9\tex\latex\translator\trans
lator.sty"
Package: translator 2018/01/04 v1.12 Easy translation of strings in LaTeX
))
("C:\Users\Usuario\AppData\Local\Programs\MiKTeX 2.9\tex\latex\beamer\beamerbas
emisc.sty")
("C:\Users\Usuario\AppData\Local\Programs\MiKTeX 2.9\tex\latex\beamer\beamerbas
etwoscreens.sty")
("C:\Users\Usuario\AppData\Local\Programs\MiKTeX 2.9\tex\latex\beamer\beamerbas
eoverlay.sty"
\beamer@argscount=\count128
\beamer@lastskipcover=\skip44
\beamer@trivlistdepth=\count129
)
("C:\Users\Usuario\AppData\Local\Programs\MiKTeX 2.9\tex\latex\beamer\beamerbas
etitle.sty")
("C:\Users\Usuario\AppData\Local\Programs\MiKTeX 2.9\tex\latex\beamer\beamerbas
esection.sty"
\c@lecture=\count130
\c@part=\count131
\c@section=\count132
\c@subsection=\count133
\c@subsubsection=\count134
)
("C:\Users\Usuario\AppData\Local\Programs\MiKTeX 2.9\tex\latex\beamer\beamerbas
eframe.sty"
\beamer@framebox=\box40
\beamer@frametitlebox=\box41
\beamer@zoombox=\box42
\beamer@zoomcount=\count135
\beamer@zoomframecount=\count136
\beamer@frametextheight=\dimen167
\c@subsectionslide=\count137
\beamer@frametopskip=\skip45
\beamer@framebottomskip=\skip46
\beamer@frametopskipautobreak=\skip47
\beamer@framebottomskipautobreak=\skip48
\beamer@envbody=\toks27
\framewidth=\dimen168
\c@framenumber=\count138
)
("C:\Users\Usuario\AppData\Local\Programs\MiKTeX 2.9\tex\latex\beamer\beamerbas
everbatim.sty"
\beamer@verbatimfileout=\write4
)
("C:\Users\Usuario\AppData\Local\Programs\MiKTeX 2.9\tex\latex\beamer\beamerbas
eframesize.sty"
\beamer@splitbox=\box43
\beamer@autobreakcount=\count139
\beamer@autobreaklastheight=\dimen169
\beamer@frametitletoks=\toks28
\beamer@framesubtitletoks=\toks29
)
("C:\Users\Usuario\AppData\Local\Programs\MiKTeX 2.9\tex\latex\beamer\beamerbas
eframecomponents.sty"
\beamer@footins=\box44
)
("C:\Users\Usuario\AppData\Local\Programs\MiKTeX 2.9\tex\latex\beamer\beamerbas
ecolor.sty")
("C:\Users\Usuario\AppData\Local\Programs\MiKTeX 2.9\tex\latex\beamer\beamerbas
enotes.sty"
\beamer@frameboxcopy=\box45
)
("C:\Users\Usuario\AppData\Local\Programs\MiKTeX 2.9\tex\latex\beamer\beamerbas
etoc.sty")
("C:\Users\Usuario\AppData\Local\Programs\MiKTeX 2.9\tex\latex\beamer\beamerbas
etemplates.sty"
\beamer@sbttoks=\toks30

("C:\Users\Usuario\AppData\Local\Programs\MiKTeX 2.9\tex\latex\beamer\beamerbas
eauxtemplates.sty"
("C:\Users\Usuario\AppData\Local\Programs\MiKTeX 2.9\tex\latex\beamer\beamerbas
eboxes.sty"
\bmb@box=\box46
\bmb@colorbox=\box47
\bmb@boxshadow=\box48
\bmb@boxshadowball=\box49
\bmb@boxshadowballlarge=\box50
\bmb@temp=\dimen170
\bmb@dima=\dimen171
\bmb@dimb=\dimen172
\bmb@prevheight=\dimen173
)
\beamer@blockheadheight=\dimen174
))
("C:\Users\Usuario\AppData\Local\Programs\MiKTeX 2.9\tex\latex\beamer\beamerbas
elocalstructure.sty"
("C:\Users\Usuario\AppData\Local\Programs\MiKTeX 2.9\tex\latex\tools\enumerate.
sty"
Package: enumerate 2015/07/23 v3.00 enumerate extensions (DPC)
\@enLab=\toks31
)
\c@figure=\count140
\c@table=\count141
\abovecaptionskip=\skip49
\belowcaptionskip=\skip50
)
("C:\Users\Usuario\AppData\Local\Programs\MiKTeX 2.9\tex\latex\beamer\beamerbas
enavigation.sty"
\beamer@section@min@dim=\dimen175
)
("C:\Users\Usuario\AppData\Local\Programs\MiKTeX 2.9\tex\latex\beamer\beamerbas
etheorems.sty"
("C:\Users\Usuario\AppData\Local\Programs\MiKTeX 2.9\tex\latex\amsmath\amsmath.
sty"
Package: amsmath 2017/09/02 v2.17a AMS math features
\@mathmargin=\skip51

For additional information on amsmath, use the `?' option.

("C:\Users\Usuario\AppData\Local\Programs\MiKTeX 2.9\tex\latex\amsmath\amstext.
sty"
Package: amstext 2000/06/29 v2.01 AMS text

("C:\Users\Usuario\AppData\Local\Programs\MiKTeX 2.9\tex\latex\amsmath\amsgen.s
ty"
File: amsgen.sty 1999/11/30 v2.0 generic functions
\@emptytoks=\toks32
\ex@=\dimen176
))
("C:\Users\Usuario\AppData\Local\Programs\MiKTeX 2.9\tex\latex\amsmath\amsbsy.s
ty"
Package: amsbsy 1999/11/29 v1.2d Bold Symbols
\pmbraise@=\dimen177
)
("C:\Users\Usuario\AppData\Local\Programs\MiKTeX 2.9\tex\latex\amsmath\amsopn.s
ty"
Package: amsopn 2016/03/08 v2.02 operator names
)
\inf@bad=\count142
LaTeX Info: Redefining \frac on input line 213.
\uproot@=\count143
\leftroot@=\count144
LaTeX Info: Redefining \overline on input line 375.
\classnum@=\count145
\DOTSCASE@=\count146
LaTeX Info: Redefining \ldots on input line 472.
LaTeX Info: Redefining \dots on input line 475.
LaTeX Info: Redefining \cdots on input line 596.
\Mathstrutbox@=\box51
\strutbox@=\box52
\big@size=\dimen178
LaTeX Font Info:    Redeclaring font encoding OML on input line 712.
LaTeX Font Info:    Redeclaring font encoding OMS on input line 713.
\macc@depth=\count147
\c@MaxMatrixCols=\count148
\dotsspace@=\muskip11
\c@parentequation=\count149
\dspbrk@lvl=\count150
\tag@help=\toks33
\row@=\count151
\column@=\count152
\maxfields@=\count153
\andhelp@=\toks34
\eqnshift@=\dimen179
\alignsep@=\dimen180
\tagshift@=\dimen181
\tagwidth@=\dimen182
\totwidth@=\dimen183
\lineht@=\dimen184
\@envbody=\toks35
\multlinegap=\skip52
\multlinetaggap=\skip53
\mathdisplay@stack=\toks36
LaTeX Info: Redefining \[ on input line 2817.
LaTeX Info: Redefining \] on input line 2818.
)
("C:\Users\Usuario\AppData\Local\Programs\MiKTeX 2.9\tex\latex\amscls\amsthm.st
y"
Package: amsthm 2017/10/31 v2.20.4
\thm@style=\toks37
\thm@bodyfont=\toks38
\thm@headfont=\toks39
\thm@notefont=\toks40
\thm@headpunct=\toks41
\thm@preskip=\skip54
\thm@postskip=\skip55
\thm@headsep=\skip56
\dth@everypar=\toks42
)
\c@theorem=\count154
)
("C:\Users\Usuario\AppData\Local\Programs\MiKTeX 2.9\tex\latex\beamer\beamerbas
ethemes.sty"))
("C:\Users\Usuario\AppData\Local\Programs\MiKTeX 2.9\tex\latex\beamer\beamerthe
medefault.sty"
("C:\Users\Usuario\AppData\Local\Programs\MiKTeX 2.9\tex\latex\beamer\beamerfon
tthemedefault.sty")
("C:\Users\Usuario\AppData\Local\Programs\MiKTeX 2.9\tex\latex\beamer\beamercol
orthemedefault.sty")
("C:\Users\Usuario\AppData\Local\Programs\MiKTeX 2.9\tex\latex\beamer\beamerinn
erthemedefault.sty"
\beamer@dima=\dimen185
\beamer@dimb=\dimen186
)
("C:\Users\Usuario\AppData\Local\Programs\MiKTeX 2.9\tex\latex\beamer\beamerout
erthemedefault.sty")))
("C:\Users\Usuario\AppData\Local\Programs\MiKTeX 2.9\tex\generic\babel\babel.st
y"
Package: babel 2018/09/26 3.24 The Babel package

("C:\Users\Usuario\AppData\Local\Programs\MiKTeX 2.9\tex\generic\babel\switch.d
ef"
File: switch.def 2018/09/26 3.24 Babel switching mechanism
)
*************************************
* Local config file bblopts.cfg used
*

("C:\Users\Usuario\AppData\Local\Programs\MiKTeX 2.9\tex\latex\arabi\bblopts.cf
g"
File: bblopts.cfg 2005/09/08 v0.1 add Arabic and Farsi to "declared" options of
 babel
)
("C:\Users\Usuario\AppData\Local\Programs\MiKTeX 2.9\tex\latex\babel-spanish\sp
anish.ldf"
Language: spanish.ldf 2016/03/03 v5.0p Spanish support from the babel system

("C:\Users\Usuario\AppData\Local\Programs\MiKTeX 2.9\tex\generic\babel\babel.de
f"
File: babel.def 2018/09/26 3.24 Babel common definitions
\babel@savecnt=\count155
\U@D=\dimen187

("C:\Users\Usuario\AppData\Local\Programs\MiKTeX 2.9\tex\generic\babel\txtbabel
.def")
LaTeX Info: Redefining \textlatin on input line 1976.
\bbl@dirlevel=\count156
)
\es@quottoks=\toks43
\es@quotdepth=\count157
Package babel Info: Making " an active character on input line 561.
Package babel Info: Making . an active character on input line 662.
Package babel Info: Making < an active character on input line 707.
Package babel Info: Making > an active character on input line 707.
))
("C:\Users\Usuario\AppData\Local\Programs\MiKTeX 2.9\tex\latex\base\alltt.sty"
Package: alltt 1997/06/16 v2.0g defines alltt environment
) ("C:\Users\Usuario\AppData\Local\Programs\MiKTeX 2.9\tex\latex\psnfss\times.s
ty"
Package: times 2005/04/12 PSNFSS-v9.2a (SPQR) 
)
("C:\Users\Usuario\AppData\Local\Programs\MiKTeX 2.9\tex\latex\base\inputenc.st
y"
Package: inputenc 2018/04/06 v1.3b Input encoding file
\inpenc@prehook=\toks44
\inpenc@posthook=\toks45
)
("C:\Users\Usuario\AppData\Local\Programs\MiKTeX 2.9\tex\latex\base\fontenc.sty
"
Package: fontenc 2017/04/05 v2.0i Standard LaTeX package
 ("C:\Users\Usuario\AppData\Local\Programs\MiKTeX 2.9\tex\latex\base\t1enc.def"
File: t1enc.def 2017/04/05 v2.0i Standard LaTeX file
LaTeX Font Info:    Redeclaring font encoding T1 on input line 48.
))
("C:\Users\Usuario\AppData\Local\Programs\MiKTeX 2.9\tex\latex\base\latexsym.st
y"
Package: latexsym 1998/08/17 v2.2e Standard LaTeX package (lasy symbols)
\symlasy=\mathgroup6
LaTeX Font Info:    Overwriting symbol font `lasy' in version `bold'
(Font)                  U/lasy/m/n --> U/lasy/b/n on input line 52.
)
("C:\Users\Usuario\AppData\Local\Programs\MiKTeX 2.9\tex\latex\anyfontsize\anyf
ontsize.sty"
Package: anyfontsize 2007/11/22 anyfontsize.sty by pts
)
("C:\Users\Usuario\AppData\Local\Programs\MiKTeX 2.9\tex\latex\setspace\setspac
e.sty"
Package: setspace 2011/12/19 v6.7a set line spacing
)
("C:\Users\Usuario\AppData\Local\Programs\MiKTeX 2.9\tex\latex\booktabs\booktab
s.sty"
Package: booktabs 2005/04/14 v1.61803 publication quality tables
\heavyrulewidth=\dimen188
\lightrulewidth=\dimen189
\cmidrulewidth=\dimen190
\belowrulesep=\dimen191
\belowbottomsep=\dimen192
\aboverulesep=\dimen193
\abovetopsep=\dimen194
\cmidrulesep=\dimen195
\cmidrulekern=\dimen196
\defaultaddspace=\dimen197
\@cmidla=\count158
\@cmidlb=\count159
\@aboverulesep=\dimen198
\@belowrulesep=\dimen199
\@thisruleclass=\count160
\@lastruleclass=\count161
\@thisrulewidth=\dimen256
)
("C:\Users\Usuario\AppData\Local\Programs\MiKTeX 2.9\tex\latex\multirow\multiro
w.sty"
Package: multirow 2018/08/03 v2.3 Span multiple rows of a table
\multirow@colwidth=\skip57
\multirow@cntb=\count162
\multirow@dima=\skip58
\bigstrutjot=\dimen257
)
("C:\Users\Usuario\AppData\Local\Programs\MiKTeX 2.9\tex\latex\tools\multicol.s
ty"
Package: multicol 2018/04/20 v1.8s multicolumn formatting (FMi)
\c@tracingmulticols=\count163
\mult@box=\box53
\multicol@leftmargin=\dimen258
\c@unbalance=\count164
\c@collectmore=\count165
\doublecol@number=\count166
\multicoltolerance=\count167
\multicolpretolerance=\count168
\full@width=\dimen259
\page@free=\dimen260
\premulticols=\dimen261
\postmulticols=\dimen262
\multicolsep=\skip59
\multicolbaselineskip=\skip60
\partial@page=\box54
\last@line=\box55
\maxbalancingoverflow=\dimen263
\mult@rightbox=\box56
\mult@grightbox=\box57
\mult@gfirstbox=\box58
\mult@firstbox=\box59
\@tempa=\box60
\@tempa=\box61
\@tempa=\box62
\@tempa=\box63
\@tempa=\box64
\@tempa=\box65
\@tempa=\box66
\@tempa=\box67
\@tempa=\box68
\@tempa=\box69
\@tempa=\box70
\@tempa=\box71
\@tempa=\box72
\@tempa=\box73
\@tempa=\box74
\@tempa=\box75
\@tempa=\box76
\c@columnbadness=\count169
\c@finalcolumnbadness=\count170
\last@try=\dimen264
\multicolovershoot=\dimen265
\multicolundershoot=\dimen266
\mult@nat@firstbox=\box77
\colbreak@box=\box78
\mc@col@check@num=\count171
)
("C:\Users\Usuario\AppData\Local\Programs\MiKTeX 2.9\tex\latex\tools\array.sty"
Package: array 2018/04/30 v2.4h Tabular extension package (FMi)
\col@sep=\dimen267
\ar@mcellbox=\box79
\extrarowheight=\dimen268
\NC@list=\toks46
\extratabsurround=\skip61
\backup@length=\skip62
\ar@cellbox=\box80
)
("C:\Users\Usuario\AppData\Local\Programs\MiKTeX 2.9\tex\latex\colortbl\colortb
l.sty"
Package: colortbl 2018/05/02 v1.0c Color table columns (DPC)
\everycr=\toks47
\minrowclearance=\skip63
)
("C:\Users\Usuario\AppData\Local\Programs\MiKTeX 2.9\tex\latex\natbib\natbib.st
y"
Package: natbib 2010/09/13 8.31b (PWD, AO)
\bibhang=\skip64
\bibsep=\skip65
LaTeX Info: Redefining \cite on input line 694.
\c@NAT@ctr=\count172
)
("C:\Users\Usuario\AppData\Local\Programs\MiKTeX 2.9\tex\latex\ms\ragged2e.sty"
Package: ragged2e 2009/05/21 v2.1 ragged2e Package (MS)
("C:\Users\Usuario\AppData\Local\Programs\MiKTeX 2.9\tex\latex\ms\everysel.sty"
Package: everysel 2011/10/28 v1.2 EverySelectfont Package (MS)
)
\CenteringLeftskip=\skip66
\RaggedLeftLeftskip=\skip67
\RaggedRightLeftskip=\skip68
\CenteringRightskip=\skip69
\RaggedLeftRightskip=\skip70
\RaggedRightRightskip=\skip71
\CenteringParfillskip=\skip72
\RaggedLeftParfillskip=\skip73
\RaggedRightParfillskip=\skip74
\JustifyingParfillskip=\skip75
\CenteringParindent=\skip76
\RaggedLeftParindent=\skip77
\RaggedRightParindent=\skip78
\JustifyingParindent=\skip79
)
("C:\Users\Usuario\AppData\Local\Programs\MiKTeX 2.9\tex\latex\beamer\beamerthe
meBoadilla.sty"
("C:\Users\Usuario\AppData\Local\Programs\MiKTeX 2.9\tex\latex\beamer\beamercol
orthemerose.sty")
("C:\Users\Usuario\AppData\Local\Programs\MiKTeX 2.9\tex\latex\beamer\beamerinn
erthemerounded.sty")
("C:\Users\Usuario\AppData\Local\Programs\MiKTeX 2.9\tex\latex\beamer\beamercol
orthemedolphin.sty")
("C:\Users\Usuario\AppData\Local\Programs\MiKTeX 2.9\tex\latex\beamer\beamerout
erthemeinfolines.sty")) (start.aux
LaTeX Info: Redefining \. on input line 24.
LaTeX Info: Redefining \% on input line 24.
)
\openout1 = `start.aux'.

LaTeX Font Info:    Checking defaults for OML/cmm/m/it on input line 80.
LaTeX Font Info:    ... okay on input line 80.
LaTeX Font Info:    Checking defaults for T1/cmr/m/n on input line 80.
LaTeX Font Info:    ... okay on input line 80.
LaTeX Font Info:    Checking defaults for OT1/cmr/m/n on input line 80.
LaTeX Font Info:    ... okay on input line 80.
LaTeX Font Info:    Checking defaults for OMS/cmsy/m/n on input line 80.
LaTeX Font Info:    ... okay on input line 80.
LaTeX Font Info:    Checking defaults for OMX/cmex/m/n on input line 80.
LaTeX Font Info:    ... okay on input line 80.
LaTeX Font Info:    Checking defaults for U/cmr/m/n on input line 80.
LaTeX Font Info:    ... okay on input line 80.
LaTeX Font Info:    Checking defaults for PD1/pdf/m/n on input line 80.
LaTeX Font Info:    ... okay on input line 80.
LaTeX Font Info:    Try loading font information for T1+phv on input line 80.

("C:\Users\Usuario\AppData\Local\Programs\MiKTeX 2.9\tex\latex\psnfss\t1phv.fd"
File: t1phv.fd 2001/06/04 scalable font definitions for T1/phv.
)
*geometry* driver: auto-detecting
*geometry* detected driver: pdftex
*geometry* verbose mode - [ preamble ] result:
* driver: pdftex
* paper: custom
* layout: <same size as paper>
* layoutoffset:(h,v)=(0.0pt,0.0pt)
* modes: includehead includefoot 
* h-part:(L,W,R)=(9.99756pt, 344.20024pt, 9.99756pt)
* v-part:(T,H,B)=(0.0pt, 273.14662pt, 0.0pt)
* \paperwidth=364.19536pt
* \paperheight=273.14662pt
* \textwidth=344.20024pt
* \textheight=244.6939pt
* \oddsidemargin=-62.27243pt
* \evensidemargin=-62.27243pt
* \topmargin=-72.26999pt
* \headheight=14.22636pt
* \headsep=0.0pt
* \topskip=10.0pt
* \footskip=14.22636pt
* \marginparwidth=3.0pt
* \marginparsep=11.0pt
* \columnsep=10.0pt
* \skip\footins=9.0pt plus 4.0pt minus 2.0pt
* \hoffset=0.0pt
* \voffset=0.0pt
* \mag=1000
* \@twocolumnfalse
* \@twosidefalse
* \@mparswitchfalse
* \@reversemarginfalse
* (1in=72.27pt=25.4mm, 1cm=28.453pt)


("C:\Users\Usuario\AppData\Local\Programs\MiKTeX 2.9\tex\context\base\supp-pdf.
mkii"
[Loading MPS to PDF converter (version 2006.09.02).]
\scratchcounter=\count173
\scratchdimen=\dimen269
\scratchbox=\box81
\nofMPsegments=\count174
\nofMParguments=\count175
\everyMPshowfont=\toks48
\MPscratchCnt=\count176
\MPscratchDim=\dimen270
\MPnumerator=\count177
\makeMPintoPDFobject=\count178
\everyMPtoPDFconversion=\toks49
)
("C:\Users\Usuario\AppData\Local\Programs\MiKTeX 2.9\tex\latex\oberdiek\epstopd
f-base.sty"
Package: epstopdf-base 2016/05/15 v2.6 Base part for package epstopdf

("C:\Users\Usuario\AppData\Local\Programs\MiKTeX 2.9\tex\latex\oberdiek\grfext.
sty"
Package: grfext 2016/05/16 v1.2 Manage graphics extensions (HO)
)
Package epstopdf-base Info: Redefining graphics rule for `.eps' on input line 4
38.
Package grfext Info: Graphics extension search list:
(grfext)             [.pdf,.png,.jpg,.mps,.jpeg,.jbig2,.jb2,.PDF,.PNG,.JPG,.JPE
G,.JBIG2,.JB2,.eps]
(grfext)             \AppendGraphicsExtensions on input line 456.
) ABD: EveryShipout initializing macros
\AtBeginShipoutBox=\box82
Package hyperref Info: Link coloring OFF on input line 80.

("C:\Users\Usuario\AppData\Local\Programs\MiKTeX 2.9\tex\latex\hyperref\nameref
.sty"
Package: nameref 2016/05/21 v2.44 Cross-referencing by name of section

("C:\Users\Usuario\AppData\Local\Programs\MiKTeX 2.9\tex\generic\oberdiek\getti
tlestring.sty"
Package: gettitlestring 2016/05/16 v1.5 Cleanup title references (HO)
)
\c@section@level=\count179
)
LaTeX Info: Redefining \ref on input line 80.
LaTeX Info: Redefining \pageref on input line 80.
LaTeX Info: Redefining \nameref on input line 80.
 (start.out) (start.out)
\@outlinefile=\write5
\openout5 = `start.out'.

LaTeX Font Info:    Overwriting symbol font `operators' in version `normal'
(Font)                  OT1/cmr/m/n --> OT1/cmss/m/n on input line 80.
LaTeX Font Info:    Overwriting symbol font `operators' in version `bold'
(Font)                  OT1/cmr/bx/n --> OT1/cmss/bx/n on input line 80.
\symnumbers=\mathgroup7
\sympureletters=\mathgroup8
LaTeX Font Info:    Overwriting math alphabet `\mathrm' in version `normal'
(Font)                  OT1/cmss/m/n --> T1/ptm/m/n on input line 80.
LaTeX Font Info:    Redeclaring math alphabet \mathbf on input line 80.
LaTeX Font Info:    Overwriting math alphabet `\mathbf' in version `normal'
(Font)                  OT1/cmr/bx/n --> T1/phv/bx/n on input line 80.
LaTeX Font Info:    Overwriting math alphabet `\mathbf' in version `bold'
(Font)                  OT1/cmr/bx/n --> T1/phv/bx/n on input line 80.
LaTeX Font Info:    Redeclaring math alphabet \mathsf on input line 80.
LaTeX Font Info:    Overwriting math alphabet `\mathsf' in version `normal'
(Font)                  OT1/cmss/m/n --> T1/phv/m/n on input line 80.
LaTeX Font Info:    Overwriting math alphabet `\mathsf' in version `bold'
(Font)                  OT1/cmss/bx/n --> T1/phv/m/n on input line 80.
LaTeX Font Info:    Redeclaring math alphabet \mathit on input line 80.
LaTeX Font Info:    Overwriting math alphabet `\mathit' in version `normal'
(Font)                  OT1/cmr/m/it --> T1/phv/m/it on input line 80.
LaTeX Font Info:    Overwriting math alphabet `\mathit' in version `bold'
(Font)                  OT1/cmr/bx/it --> T1/phv/m/it on input line 80.
LaTeX Font Info:    Redeclaring math alphabet \mathtt on input line 80.
LaTeX Font Info:    Overwriting math alphabet `\mathtt' in version `normal'
(Font)                  OT1/cmtt/m/n --> T1/pcr/m/n on input line 80.
LaTeX Font Info:    Overwriting math alphabet `\mathtt' in version `bold'
(Font)                  OT1/cmtt/m/n --> T1/pcr/m/n on input line 80.
LaTeX Font Info:    Overwriting symbol font `numbers' in version `bold'
(Font)                  T1/phv/m/n --> T1/phv/bx/n on input line 80.
LaTeX Font Info:    Overwriting symbol font `pureletters' in version `bold'
(Font)                  T1/phv/m/it --> T1/phv/bx/it on input line 80.
LaTeX Font Info:    Overwriting math alphabet `\mathrm' in version `bold'
(Font)                  OT1/cmss/bx/n --> T1/ptm/bx/n on input line 80.
LaTeX Font Info:    Overwriting math alphabet `\mathbf' in version `bold'
(Font)                  T1/phv/bx/n --> T1/phv/bx/n on input line 80.
LaTeX Font Info:    Overwriting math alphabet `\mathsf' in version `bold'
(Font)                  T1/phv/m/n --> T1/phv/bx/n on input line 80.
LaTeX Font Info:    Overwriting math alphabet `\mathit' in version `bold'
(Font)                  T1/phv/m/it --> T1/phv/bx/it on input line 80.
LaTeX Font Info:    Overwriting math alphabet `\mathtt' in version `bold'
(Font)                  T1/pcr/m/n --> T1/pcr/bx/n on input line 80.

("C:\Users\Usuario\AppData\Local\Programs\MiKTeX 2.9\tex\latex\translator\trans
lator-basic-dictionary-English.dict"
Dictionary: translator-basic-dictionary, Language: English 
)
("C:\Users\Usuario\AppData\Local\Programs\MiKTeX 2.9\tex\latex\translator\trans
lator-bibliography-dictionary-English.dict"
Dictionary: translator-bibliography-dictionary, Language: English 
)
("C:\Users\Usuario\AppData\Local\Programs\MiKTeX 2.9\tex\latex\translator\trans
lator-environment-dictionary-English.dict"
Dictionary: translator-environment-dictionary, Language: English 
)
("C:\Users\Usuario\AppData\Local\Programs\MiKTeX 2.9\tex\latex\translator\trans
lator-months-dictionary-English.dict"
Dictionary: translator-months-dictionary, Language: English 
)
("C:\Users\Usuario\AppData\Local\Programs\MiKTeX 2.9\tex\latex\translator\trans
lator-numbers-dictionary-English.dict"
Dictionary: translator-numbers-dictionary, Language: English 
)
("C:\Users\Usuario\AppData\Local\Programs\MiKTeX 2.9\tex\latex\translator\trans
lator-theorem-dictionary-English.dict"
Dictionary: translator-theorem-dictionary, Language: English 
)
LaTeX Info: Redefining \. on input line 80.
LaTeX Info: Redefining \% on input line 80.

ABD: EverySelectfont initializing macros
LaTeX Info: Redefining \selectfont on input line 80.
 (start.nav) (CAP1.TEX
LaTeX Font Info:    Try loading font information for T1+pcr on input line 2.

("C:\Users\Usuario\AppData\Local\Programs\MiKTeX 2.9\tex\latex\psnfss\t1pcr.fd"
File: t1pcr.fd 2001/06/04 font definitions for T1/pcr.
)
<images/LOGO_unt.jpg, id=73, 506.89375pt x 409.53pt>
File: images/LOGO_unt.jpg Graphic file (type jpg)
<use images/LOGO_unt.jpg>
Package pdftex.def Info: images/LOGO_unt.jpg  used on input line 2.
(pdftex.def)             Requested size: 50.69234pt x 40.9554pt.
 [1

{C:/Users/Usuario/AppData/Local/MiKTeX/2.9/pdftex/config/pdftex.map} <./images/
LOGO_unt.jpg>]
LaTeX Font Info:    Font shape `T1/phv/bx/n' in size <9> not available
(Font)              Font shape `T1/phv/b/n' tried instead on input line 26.
File: images/LOGO_unt.jpg Graphic file (type jpg)
<use images/LOGO_unt.jpg>
Package pdftex.def Info: images/LOGO_unt.jpg  used on input line 26.
(pdftex.def)             Requested size: 50.69234pt x 40.9554pt.
 [2

] (start.toc
LaTeX Info: Redefining \. on input line 1.
LaTeX Info: Redefining \% on input line 1.
)
File: images/LOGO_unt.jpg Graphic file (type jpg)
<use images/LOGO_unt.jpg>
Package pdftex.def Info: images/LOGO_unt.jpg  used on input line 30.
(pdftex.def)             Requested size: 50.69234pt x 40.9554pt.
 [3

]
LaTeX Font Info:    Font shape `T1/phv/bx/n' in size <10> not available
(Font)              Font shape `T1/phv/b/n' tried instead on input line 43.
File: images/LOGO_unt.jpg Graphic file (type jpg)
<use images/LOGO_unt.jpg>
Package pdftex.def Info: images/LOGO_unt.jpg  used on input line 43.
(pdftex.def)             Requested size: 50.69234pt x 40.9554pt.
 [4

]
File: images/LOGO_unt.jpg Graphic file (type jpg)
<use images/LOGO_unt.jpg>
Package pdftex.def Info: images/LOGO_unt.jpg  used on input line 43.
(pdftex.def)             Requested size: 50.69234pt x 40.9554pt.
 [5

]
File: images/LOGO_unt.jpg Graphic file (type jpg)
<use images/LOGO_unt.jpg>
Package pdftex.def Info: images/LOGO_unt.jpg  used on input line 54.
(pdftex.def)             Requested size: 50.69234pt x 40.9554pt.
 [6

]
File: images/LOGO_unt.jpg Graphic file (type jpg)
<use images/LOGO_unt.jpg>
Package pdftex.def Info: images/LOGO_unt.jpg  used on input line 68.
(pdftex.def)             Requested size: 50.69234pt x 40.9554pt.
 [7

]
File: images/LOGO_unt.jpg Graphic file (type jpg)
<use images/LOGO_unt.jpg>
Package pdftex.def Info: images/LOGO_unt.jpg  used on input line 68.
(pdftex.def)             Requested size: 50.69234pt x 40.9554pt.
 [8

] (start.toc
LaTeX Info: Redefining \. on input line 1.
LaTeX Info: Redefining \% on input line 1.
)
File: images/LOGO_unt.jpg Graphic file (type jpg)
<use images/LOGO_unt.jpg>
Package pdftex.def Info: images/LOGO_unt.jpg  used on input line 73.
(pdftex.def)             Requested size: 50.69234pt x 40.9554pt.
 [9

]
File: images/LOGO_unt.jpg Graphic file (type jpg)
<use images/LOGO_unt.jpg>
Package pdftex.def Info: images/LOGO_unt.jpg  used on input line 84.
(pdftex.def)             Requested size: 50.69234pt x 40.9554pt.

[10

]
File: images/LOGO_unt.jpg Graphic file (type jpg)
<use images/LOGO_unt.jpg>
Package pdftex.def Info: images/LOGO_unt.jpg  used on input line 84.
(pdftex.def)             Requested size: 50.69234pt x 40.9554pt.
 [11

] (start.toc
LaTeX Info: Redefining \. on input line 1.
LaTeX Info: Redefining \% on input line 1.
)
File: images/LOGO_unt.jpg Graphic file (type jpg)
<use images/LOGO_unt.jpg>
Package pdftex.def Info: images/LOGO_unt.jpg  used on input line 87.
(pdftex.def)             Requested size: 50.69234pt x 40.9554pt.
 [12

]
File: images/LOGO_unt.jpg Graphic file (type jpg)
<use images/LOGO_unt.jpg>
Package pdftex.def Info: images/LOGO_unt.jpg  used on input line 98.
(pdftex.def)             Requested size: 50.69234pt x 40.9554pt.
 [13

] (start.toc
LaTeX Info: Redefining \. on input line 1.
LaTeX Info: Redefining \% on input line 1.
)
File: images/LOGO_unt.jpg Graphic file (type jpg)
<use images/LOGO_unt.jpg>
Package pdftex.def Info: images/LOGO_unt.jpg  used on input line 102.
(pdftex.def)             Requested size: 50.69234pt x 40.9554pt.
 [14

]
File: images/LOGO_unt.jpg Graphic file (type jpg)
<use images/LOGO_unt.jpg>
Package pdftex.def Info: images/LOGO_unt.jpg  used on input line 114.
(pdftex.def)             Requested size: 50.69234pt x 40.9554pt.
 [15

]
File: images/LOGO_unt.jpg Graphic file (type jpg)
<use images/LOGO_unt.jpg>
Package pdftex.def Info: images/LOGO_unt.jpg  used on input line 114.
(pdftex.def)             Requested size: 50.69234pt x 40.9554pt.
 [16

]
File: images/LOGO_unt.jpg Graphic file (type jpg)
<use images/LOGO_unt.jpg>
Package pdftex.def Info: images/LOGO_unt.jpg  used on input line 134.
(pdftex.def)             Requested size: 50.69234pt x 40.9554pt.
 [17

]
File: images/LOGO_unt.jpg Graphic file (type jpg)
<use images/LOGO_unt.jpg>
Package pdftex.def Info: images/LOGO_unt.jpg  used on input line 134.
(pdftex.def)             Requested size: 50.69234pt x 40.9554pt.
 [18

]
File: images/LOGO_unt.jpg Graphic file (type jpg)
<use images/LOGO_unt.jpg>
Package pdftex.def Info: images/LOGO_unt.jpg  used on input line 134.
(pdftex.def)             Requested size: 50.69234pt x 40.9554pt.
 [19

]
File: images/LOGO_unt.jpg Graphic file (type jpg)
<use images/LOGO_unt.jpg>
Package pdftex.def Info: images/LOGO_unt.jpg  used on input line 134.
(pdftex.def)             Requested size: 50.69234pt x 40.9554pt.

[20

]
File: images/LOGO_unt.jpg Graphic file (type jpg)
<use images/LOGO_unt.jpg>
Package pdftex.def Info: images/LOGO_unt.jpg  used on input line 155.
(pdftex.def)             Requested size: 50.69234pt x 40.9554pt.
 [21

]
File: images/LOGO_unt.jpg Graphic file (type jpg)
<use images/LOGO_unt.jpg>
Package pdftex.def Info: images/LOGO_unt.jpg  used on input line 155.
(pdftex.def)             Requested size: 50.69234pt x 40.9554pt.
 [22

]
File: images/LOGO_unt.jpg Graphic file (type jpg)
<use images/LOGO_unt.jpg>
Package pdftex.def Info: images/LOGO_unt.jpg  used on input line 155.
(pdftex.def)             Requested size: 50.69234pt x 40.9554pt.
 [23

]
File: images/LOGO_unt.jpg Graphic file (type jpg)
<use images/LOGO_unt.jpg>
Package pdftex.def Info: images/LOGO_unt.jpg  used on input line 155.
(pdftex.def)             Requested size: 50.69234pt x 40.9554pt.
 [24

]
File: images/LOGO_unt.jpg Graphic file (type jpg)
<use images/LOGO_unt.jpg>
Package pdftex.def Info: images/LOGO_unt.jpg  used on input line 155.
(pdftex.def)             Requested size: 50.69234pt x 40.9554pt.
 [25

] (start.toc
LaTeX Info: Redefining \. on input line 1.
LaTeX Info: Redefining \% on input line 1.
)
File: images/LOGO_unt.jpg Graphic file (type jpg)
<use images/LOGO_unt.jpg>
Package pdftex.def Info: images/LOGO_unt.jpg  used on input line 161.
(pdftex.def)             Requested size: 50.69234pt x 40.9554pt.
 [26

]
File: images/LOGO_unt.jpg Graphic file (type jpg)
<use images/LOGO_unt.jpg>
Package pdftex.def Info: images/LOGO_unt.jpg  used on input line 170.
(pdftex.def)             Requested size: 50.69234pt x 40.9554pt.
 [27

]) (CAP2.TEX (start.toc
LaTeX Info: Redefining \. on input line 1.
LaTeX Info: Redefining \% on input line 1.
)
File: images/LOGO_unt.jpg Graphic file (type jpg)
<use images/LOGO_unt.jpg>
Package pdftex.def Info: images/LOGO_unt.jpg  used on input line 2.
(pdftex.def)             Requested size: 50.69234pt x 40.9554pt.

[28

]
LaTeX Font Info:    Try loading font information for U+msa on input line 21.

("C:\Users\Usuario\AppData\Local\Programs\MiKTeX 2.9\tex\latex\amsfonts\umsa.fd
"
File: umsa.fd 2013/01/14 v3.01 AMS symbols A
)
LaTeX Font Info:    Try loading font information for U+msb on input line 21.

("C:\Users\Usuario\AppData\Local\Programs\MiKTeX 2.9\tex\latex\amsfonts\umsb.fd
"
File: umsb.fd 2013/01/14 v3.01 AMS symbols B
)
LaTeX Font Info:    Try loading font information for U+lasy on input line 21.
 ("C:\Users\Usuario\AppData\Local\Programs\MiKTeX 2.9\tex\latex\base\ulasy.fd"
File: ulasy.fd 1998/08/17 v2.2e LaTeX symbol font definitions
)
LaTeX Font Info:    Font shape `T1/phv/m/it' in size <5> not available
(Font)              Font shape `T1/phv/m/sl' tried instead on input line 21.
File: images/LOGO_unt.jpg Graphic file (type jpg)
<use images/LOGO_unt.jpg>
Package pdftex.def Info: images/LOGO_unt.jpg  used on input line 21.
(pdftex.def)             Requested size: 50.69234pt x 40.9554pt.
 [29

]
File: images/LOGO_unt.jpg Graphic file (type jpg)
<use images/LOGO_unt.jpg>
Package pdftex.def Info: images/LOGO_unt.jpg  used on input line 21.
(pdftex.def)             Requested size: 50.69234pt x 40.9554pt.
 [30

]
File: images/LOGO_unt.jpg Graphic file (type jpg)
<use images/LOGO_unt.jpg>
Package pdftex.def Info: images/LOGO_unt.jpg  used on input line 21.
(pdftex.def)             Requested size: 50.69234pt x 40.9554pt.
 [31

]
File: images/LOGO_unt.jpg Graphic file (type jpg)
<use images/LOGO_unt.jpg>
Package pdftex.def Info: images/LOGO_unt.jpg  used on input line 21.
(pdftex.def)             Requested size: 50.69234pt x 40.9554pt.
 [32

]
File: images/LOGO_unt.jpg Graphic file (type jpg)
<use images/LOGO_unt.jpg>
Package pdftex.def Info: images/LOGO_unt.jpg  used on input line 34.
(pdftex.def)             Requested size: 50.69234pt x 40.9554pt.
 [33

]
File: images/LOGO_unt.jpg Graphic file (type jpg)
<use images/LOGO_unt.jpg>
Package pdftex.def Info: images/LOGO_unt.jpg  used on input line 34.
(pdftex.def)             Requested size: 50.69234pt x 40.9554pt.
 [34

]
<images/marcoteorico/venn_diag.png, id=1094, 435.12563pt x 458.46281pt>
File: images/marcoteorico/venn_diag.png Graphic file (type png)
<use images/marcoteorico/venn_diag.png>
Package pdftex.def Info: images/marcoteorico/venn_diag.png  used on input line 
52.
(pdftex.def)             Requested size: 160.79477pt x 169.41872pt.

Overfull \vbox (9.62697pt too high) detected at line 52
 []

File: images/LOGO_unt.jpg Graphic file (type jpg)
<use images/LOGO_unt.jpg>
Package pdftex.def Info: images/LOGO_unt.jpg  used on input line 52.
(pdftex.def)             Requested size: 50.69234pt x 40.9554pt.
[35

 <./images/marcoteorico/venn_diag.png (PNG copy)>]
File: images/LOGO_unt.jpg Graphic file (type jpg)
<use images/LOGO_unt.jpg>
Package pdftex.def Info: images/LOGO_unt.jpg  used on input line 72.
(pdftex.def)             Requested size: 50.69234pt x 40.9554pt.
 [36

]
File: images/LOGO_unt.jpg Graphic file (type jpg)
<use images/LOGO_unt.jpg>
Package pdftex.def Info: images/LOGO_unt.jpg  used on input line 72.
(pdftex.def)             Requested size: 50.69234pt x 40.9554pt.
 [37

]
File: images/LOGO_unt.jpg Graphic file (type jpg)
<use images/LOGO_unt.jpg>
Package pdftex.def Info: images/LOGO_unt.jpg  used on input line 72.
(pdftex.def)             Requested size: 50.69234pt x 40.9554pt.
 [38

]
File: images/LOGO_unt.jpg Graphic file (type jpg)
<use images/LOGO_unt.jpg>
Package pdftex.def Info: images/LOGO_unt.jpg  used on input line 72.
(pdftex.def)             Requested size: 50.69234pt x 40.9554pt.
 [39

]
<images/marcoteorico/deepExam.png, id=1230, 450.18187pt x 367.3725pt>
File: images/marcoteorico/deepExam.png Graphic file (type png)
<use images/marcoteorico/deepExam.png>
Package pdftex.def Info: images/marcoteorico/deepExam.png  used on input line 9
0.
(pdftex.def)             Requested size: 207.6151pt x 169.42502pt.

Overfull \vbox (9.63327pt too high) detected at line 90
 []

File: images/LOGO_unt.jpg Graphic file (type jpg)
<use images/LOGO_unt.jpg>
Package pdftex.def Info: images/LOGO_unt.jpg  used on input line 90.
(pdftex.def)             Requested size: 50.69234pt x 40.9554pt.
[40

 <./images/marcoteorico/deepExam.png (PNG copy)>]
File: images/LOGO_unt.jpg Graphic file (type jpg)
<use images/LOGO_unt.jpg>
Package pdftex.def Info: images/LOGO_unt.jpg  used on input line 105.
(pdftex.def)             Requested size: 50.69234pt x 40.9554pt.
 [41

]
File: images/LOGO_unt.jpg Graphic file (type jpg)
<use images/LOGO_unt.jpg>
Package pdftex.def Info: images/LOGO_unt.jpg  used on input line 105.
(pdftex.def)             Requested size: 50.69234pt x 40.9554pt.
 [42

]
File: images/LOGO_unt.jpg Graphic file (type jpg)
<use images/LOGO_unt.jpg>
Package pdftex.def Info: images/LOGO_unt.jpg  used on input line 118.
(pdftex.def)             Requested size: 50.69234pt x 40.9554pt.
 [43

]
File: images/LOGO_unt.jpg Graphic file (type jpg)
<use images/LOGO_unt.jpg>
Package pdftex.def Info: images/LOGO_unt.jpg  used on input line 118.
(pdftex.def)             Requested size: 50.69234pt x 40.9554pt.
 [44

]
<images/marcoteorico/literalcomp.png, id=1365, 784.43062pt x 182.93344pt>
File: images/marcoteorico/literalcomp.png Graphic file (type png)
<use images/marcoteorico/literalcomp.png>
Package pdftex.def Info: images/marcoteorico/literalcomp.png  used on input lin
e 139.
(pdftex.def)             Requested size: 275.36124pt x 64.21747pt.
File: images/LOGO_unt.jpg Graphic file (type jpg)
<use images/LOGO_unt.jpg>
Package pdftex.def Info: images/LOGO_unt.jpg  used on input line 139.
(pdftex.def)             Requested size: 50.69234pt x 40.9554pt.

[45

 <./images/marcoteorico/literalcomp.png (PNG copy)>]
File: images/LOGO_unt.jpg Graphic file (type jpg)
<use images/LOGO_unt.jpg>
Package pdftex.def Info: images/LOGO_unt.jpg  used on input line 156.
(pdftex.def)             Requested size: 50.69234pt x 40.9554pt.
 [46

]
File: images/LOGO_unt.jpg Graphic file (type jpg)
<use images/LOGO_unt.jpg>
Package pdftex.def Info: images/LOGO_unt.jpg  used on input line 156.
(pdftex.def)             Requested size: 50.69234pt x 40.9554pt.
 [47

]
File: images/LOGO_unt.jpg Graphic file (type jpg)
<use images/LOGO_unt.jpg>
Package pdftex.def Info: images/LOGO_unt.jpg  used on input line 156.
(pdftex.def)             Requested size: 50.69234pt x 40.9554pt.
 [48

]
<images/marcoteorico/types.png, id=1470, 383.93437pt x 371.88937pt>
File: images/marcoteorico/types.png Graphic file (type png)
<use images/marcoteorico/types.png>
Package pdftex.def Info: images/marcoteorico/types.png  used on input line 178.

(pdftex.def)             Requested size: 174.91302pt x 169.42555pt.
File: images/LOGO_unt.jpg Graphic file (type jpg)
<use images/LOGO_unt.jpg>
Package pdftex.def Info: images/LOGO_unt.jpg  used on input line 178.
(pdftex.def)             Requested size: 50.69234pt x 40.9554pt.
 [49

 <./images/marcoteorico/types.png (PNG copy)>]
File: images/LOGO_unt.jpg Graphic file (type jpg)
<use images/LOGO_unt.jpg>
Package pdftex.def Info: images/LOGO_unt.jpg  used on input line 190.
(pdftex.def)             Requested size: 50.69234pt x 40.9554pt.
 [50

]
File: images/LOGO_unt.jpg Graphic file (type jpg)
<use images/LOGO_unt.jpg>
Package pdftex.def Info: images/LOGO_unt.jpg  used on input line 190.
(pdftex.def)             Requested size: 50.69234pt x 40.9554pt.
 [51

]
File: images/LOGO_unt.jpg Graphic file (type jpg)
<use images/LOGO_unt.jpg>
Package pdftex.def Info: images/LOGO_unt.jpg  used on input line 205.
(pdftex.def)             Requested size: 50.69234pt x 40.9554pt.
 [52

]
<images/desarrollo/networkArquitec/designNet.png, id=1586, 1320.43312pt x 356.8
3313pt>
File: images/desarrollo/networkArquitec/designNet.png Graphic file (type png)
<use images/desarrollo/networkArquitec/designNet.png>
Package pdftex.def Info: images/desarrollo/networkArquitec/designNet.png  used 
on input line 223.
(pdftex.def)             Requested size: 344.20024pt x 93.01399pt.
File: images/LOGO_unt.jpg Graphic file (type jpg)
<use images/LOGO_unt.jpg>
Package pdftex.def Info: images/LOGO_unt.jpg  used on input line 223.
(pdftex.def)             Requested size: 50.69234pt x 40.9554pt.
 [53

 <./images/desarrollo/networkArquitec/designNet.png>]
File: images/LOGO_unt.jpg Graphic file (type jpg)
<use images/LOGO_unt.jpg>
Package pdftex.def Info: images/LOGO_unt.jpg  used on input line 241.
(pdftex.def)             Requested size: 50.69234pt x 40.9554pt.
 [54

]
File: images/LOGO_unt.jpg Graphic file (type jpg)
<use images/LOGO_unt.jpg>
Package pdftex.def Info: images/LOGO_unt.jpg  used on input line 241.
(pdftex.def)             Requested size: 50.69234pt x 40.9554pt.
 [55

]
File: images/LOGO_unt.jpg Graphic file (type jpg)
<use images/LOGO_unt.jpg>
Package pdftex.def Info: images/LOGO_unt.jpg  used on input line 241.
(pdftex.def)             Requested size: 50.69234pt x 40.9554pt.
 [56

]
File: images/LOGO_unt.jpg Graphic file (type jpg)
<use images/LOGO_unt.jpg>
Package pdftex.def Info: images/LOGO_unt.jpg  used on input line 241.
(pdftex.def)             Requested size: 50.69234pt x 40.9554pt.
 [57

]
File: images/LOGO_unt.jpg Graphic file (type jpg)
<use images/LOGO_unt.jpg>
Package pdftex.def Info: images/LOGO_unt.jpg  used on input line 253.
(pdftex.def)             Requested size: 50.69234pt x 40.9554pt.
 [58

]
File: images/LOGO_unt.jpg Graphic file (type jpg)
<use images/LOGO_unt.jpg>
Package pdftex.def Info: images/LOGO_unt.jpg  used on input line 253.
(pdftex.def)             Requested size: 50.69234pt x 40.9554pt.
 [59

]
<images/marcoteorico/Convolution_calculation1.jpg, id=1771, 691.08188pt x 491.5
8656pt>
File: images/marcoteorico/Convolution_calculation1.jpg Graphic file (type jpg)
<use images/marcoteorico/Convolution_calculation1.jpg>
Package pdftex.def Info: images/marcoteorico/Convolution_calculation1.jpg  used
 on input line 270.
(pdftex.def)             Requested size: 183.20964pt x 130.32233pt.
File: images/LOGO_unt.jpg Graphic file (type jpg)
<use images/LOGO_unt.jpg>
Package pdftex.def Info: images/LOGO_unt.jpg  used on input line 270.
(pdftex.def)             Requested size: 50.69234pt x 40.9554pt.
 [60

 <./images/marcoteorico/Convolution_calculation1.jpg>]
<images/marcoteorico/Convolution_calculation2.jpg, id=1798, 1013.28563pt x 472.
76625pt>
File: images/marcoteorico/Convolution_calculation2.jpg Graphic file (type jpg)
<use images/marcoteorico/Convolution_calculation2.jpg>
Package pdftex.def Info: images/marcoteorico/Convolution_calculation2.jpg  used
 on input line 294.
(pdftex.def)             Requested size: 223.44922pt x 104.25417pt.

Overfull \vbox (0.91583pt too high) detected at line 294
 []

File: images/LOGO_unt.jpg Graphic file (type jpg)
<use images/LOGO_unt.jpg>
Package pdftex.def Info: images/LOGO_unt.jpg  used on input line 294.
(pdftex.def)             Requested size: 50.69234pt x 40.9554pt.
[61

 <./images/marcoteorico/Convolution_calculation2.jpg>]
File: images/LOGO_unt.jpg Graphic file (type jpg)
<use images/LOGO_unt.jpg>
Package pdftex.def Info: images/LOGO_unt.jpg  used on input line 311.
(pdftex.def)             Requested size: 50.69234pt x 40.9554pt.
 [62

]
File: images/LOGO_unt.jpg Graphic file (type jpg)
<use images/LOGO_unt.jpg>
Package pdftex.def Info: images/LOGO_unt.jpg  used on input line 311.
(pdftex.def)             Requested size: 50.69234pt x 40.9554pt.
 [63

]
File: images/LOGO_unt.jpg Graphic file (type jpg)
<use images/LOGO_unt.jpg>
Package pdftex.def Info: images/LOGO_unt.jpg  used on input line 311.
(pdftex.def)             Requested size: 50.69234pt x 40.9554pt.
 [64

]
File: images/LOGO_unt.jpg Graphic file (type jpg)
<use images/LOGO_unt.jpg>
Package pdftex.def Info: images/LOGO_unt.jpg  used on input line 311.
(pdftex.def)             Requested size: 50.69234pt x 40.9554pt.

[65

]
File: images/LOGO_unt.jpg Graphic file (type jpg)
<use images/LOGO_unt.jpg>
Package pdftex.def Info: images/LOGO_unt.jpg  used on input line 311.
(pdftex.def)             Requested size: 50.69234pt x 40.9554pt.
 [66

]
<images/marcoteorico/sparceCon.png, id=1956, 380.17032pt x 373.395pt>
File: images/marcoteorico/sparceCon.png Graphic file (type png)
<use images/marcoteorico/sparceCon.png>
Package pdftex.def Info: images/marcoteorico/sparceCon.png  used on input line 
333.
(pdftex.def)             Requested size: 106.14531pt x 104.25362pt.
LaTeX Font Info:    Font shape `T1/phv/bx/it' in size <10> not available
(Font)              Font shape `T1/phv/b/it' tried instead on input line 333.
LaTeX Font Info:    Font shape `T1/phv/b/it' in size <10> not available
(Font)              Font shape `T1/phv/b/sl' tried instead on input line 333.
LaTeX Font Info:    Font shape `T1/phv/m/it' in size <10> not available
(Font)              Font shape `T1/phv/m/sl' tried instead on input line 333.
LaTeX Font Info:    Font shape `T1/phv/m/it' in size <7> not available
(Font)              Font shape `T1/phv/m/sl' tried instead on input line 333.
File: images/LOGO_unt.jpg Graphic file (type jpg)
<use images/LOGO_unt.jpg>
Package pdftex.def Info: images/LOGO_unt.jpg  used on input line 333.
(pdftex.def)             Requested size: 50.69234pt x 40.9554pt.
 [67

 <./images/marcoteorico/sparceCon.png (PNG copy)>]
File: images/LOGO_unt.jpg Graphic file (type jpg)
<use images/LOGO_unt.jpg>
Package pdftex.def Info: images/LOGO_unt.jpg  used on input line 346.
(pdftex.def)             Requested size: 50.69234pt x 40.9554pt.
 [68

]
File: images/LOGO_unt.jpg Graphic file (type jpg)
<use images/LOGO_unt.jpg>
Package pdftex.def Info: images/LOGO_unt.jpg  used on input line 346.
(pdftex.def)             Requested size: 50.69234pt x 40.9554pt.
 [69

]
File: images/LOGO_unt.jpg Graphic file (type jpg)
<use images/LOGO_unt.jpg>
Package pdftex.def Info: images/LOGO_unt.jpg  used on input line 359.
(pdftex.def)             Requested size: 50.69234pt x 40.9554pt.

[70

]
File: images/LOGO_unt.jpg Graphic file (type jpg)
<use images/LOGO_unt.jpg>
Package pdftex.def Info: images/LOGO_unt.jpg  used on input line 359.
(pdftex.def)             Requested size: 50.69234pt x 40.9554pt.
 [71

]
File: images/LOGO_unt.jpg Graphic file (type jpg)
<use images/LOGO_unt.jpg>
Package pdftex.def Info: images/LOGO_unt.jpg  used on input line 374.
(pdftex.def)             Requested size: 50.69234pt x 40.9554pt.
 [72

]
File: images/LOGO_unt.jpg Graphic file (type jpg)
<use images/LOGO_unt.jpg>
Package pdftex.def Info: images/LOGO_unt.jpg  used on input line 374.
(pdftex.def)             Requested size: 50.69234pt x 40.9554pt.
 [73

]
File: images/LOGO_unt.jpg Graphic file (type jpg)
<use images/LOGO_unt.jpg>
Package pdftex.def Info: images/LOGO_unt.jpg  used on input line 374.
(pdftex.def)             Requested size: 50.69234pt x 40.9554pt.
 [74

]
<images/marcoteorico/result_conv.png, id=2174, 595.47469pt x 432.11438pt>
File: images/marcoteorico/result_conv.png Graphic file (type png)
<use images/marcoteorico/result_conv.png>
Package pdftex.def Info: images/marcoteorico/result_conv.png  used on input lin
e 398.
(pdftex.def)             Requested size: 143.67099pt x 104.25682pt.
LaTeX Font Info:    Font shape `T1/phv/m/it' in size <9> not available
(Font)              Font shape `T1/phv/m/sl' tried instead on input line 398.
LaTeX Font Info:    Font shape `T1/phv/m/it' in size <6> not available
(Font)              Font shape `T1/phv/m/sl' tried instead on input line 398.
File: images/LOGO_unt.jpg Graphic file (type jpg)
<use images/LOGO_unt.jpg>
Package pdftex.def Info: images/LOGO_unt.jpg  used on input line 398.
(pdftex.def)             Requested size: 50.69234pt x 40.9554pt.
 [75

 <./images/marcoteorico/result_conv.png (PNG copy)>]
<images/marcoteorico/stride.png, id=2203, 652.68843pt x 316.18124pt>
File: images/marcoteorico/stride.png Graphic file (type png)
<use images/marcoteorico/stride.png>
Package pdftex.def Info: images/marcoteorico/stride.png  used on input line 427
.
(pdftex.def)             Requested size: 161.40892pt x 78.19116pt.
File: images/LOGO_unt.jpg Graphic file (type jpg)
<use images/LOGO_unt.jpg>
Package pdftex.def Info: images/LOGO_unt.jpg  used on input line 427.
(pdftex.def)             Requested size: 50.69234pt x 40.9554pt.
 [76

 <./images/marcoteorico/stride.png (PNG copy)>]
<images/marcoteorico/PAD2.png, id=2230, 240.9pt x 221.32687pt>
File: images/marcoteorico/PAD2.png Graphic file (type png)
<use images/marcoteorico/PAD2.png>
Package pdftex.def Info: images/marcoteorico/PAD2.png  used on input line 451.
(pdftex.def)             Requested size: 137.678pt x 126.49533pt.
File: images/LOGO_unt.jpg Graphic file (type jpg)
<use images/LOGO_unt.jpg>
Package pdftex.def Info: images/LOGO_unt.jpg  used on input line 451.
(pdftex.def)             Requested size: 50.69234pt x 40.9554pt.
 [77

 <./images/marcoteorico/PAD2.png (PNG copy)>]
File: images/LOGO_unt.jpg Graphic file (type jpg)
<use images/LOGO_unt.jpg>
Package pdftex.def Info: images/LOGO_unt.jpg  used on input line 482.
(pdftex.def)             Requested size: 50.69234pt x 40.9554pt.
 [78

]
File: images/LOGO_unt.jpg Graphic file (type jpg)
<use images/LOGO_unt.jpg>
Package pdftex.def Info: images/LOGO_unt.jpg  used on input line 482.
(pdftex.def)             Requested size: 50.69234pt x 40.9554pt.
 [79

]) (CAP3.TEX (start.toc
LaTeX Info: Redefining \. on input line 1.
LaTeX Info: Redefining \% on input line 1.
)
File: images/LOGO_unt.jpg Graphic file (type jpg)
<use images/LOGO_unt.jpg>
Package pdftex.def Info: images/LOGO_unt.jpg  used on input line 2.
(pdftex.def)             Requested size: 50.69234pt x 40.9554pt.
 [80

]
File: images/LOGO_unt.jpg Graphic file (type jpg)
<use images/LOGO_unt.jpg>
Package pdftex.def Info: images/LOGO_unt.jpg  used on input line 19.
(pdftex.def)             Requested size: 50.69234pt x 40.9554pt.
 [81

]
File: images/LOGO_unt.jpg Graphic file (type jpg)
<use images/LOGO_unt.jpg>
Package pdftex.def Info: images/LOGO_unt.jpg  used on input line 19.
(pdftex.def)             Requested size: 50.69234pt x 40.9554pt.
 [82

]
File: images/LOGO_unt.jpg Graphic file (type jpg)
<use images/LOGO_unt.jpg>
Package pdftex.def Info: images/LOGO_unt.jpg  used on input line 19.
(pdftex.def)             Requested size: 50.69234pt x 40.9554pt.
 [83

]
File: images/LOGO_unt.jpg Graphic file (type jpg)
<use images/LOGO_unt.jpg>
Package pdftex.def Info: images/LOGO_unt.jpg  used on input line 19.
(pdftex.def)             Requested size: 50.69234pt x 40.9554pt.

[84

]
File: images/LOGO_unt.jpg Graphic file (type jpg)
<use images/LOGO_unt.jpg>
Package pdftex.def Info: images/LOGO_unt.jpg  used on input line 19.
(pdftex.def)             Requested size: 50.69234pt x 40.9554pt.
 [85

] (start.toc
LaTeX Info: Redefining \. on input line 1.
LaTeX Info: Redefining \% on input line 1.
)
File: images/LOGO_unt.jpg Graphic file (type jpg)
<use images/LOGO_unt.jpg>
Package pdftex.def Info: images/LOGO_unt.jpg  used on input line 22.
(pdftex.def)             Requested size: 50.69234pt x 40.9554pt.
 [86

]
File: images/LOGO_unt.jpg Graphic file (type jpg)
<use images/LOGO_unt.jpg>
Package pdftex.def Info: images/LOGO_unt.jpg  used on input line 37.
(pdftex.def)             Requested size: 50.69234pt x 40.9554pt.
 [87

]
File: images/LOGO_unt.jpg Graphic file (type jpg)
<use images/LOGO_unt.jpg>
Package pdftex.def Info: images/LOGO_unt.jpg  used on input line 37.
(pdftex.def)             Requested size: 50.69234pt x 40.9554pt.
 [88

]
File: images/LOGO_unt.jpg Graphic file (type jpg)
<use images/LOGO_unt.jpg>
Package pdftex.def Info: images/LOGO_unt.jpg  used on input line 37.
(pdftex.def)             Requested size: 50.69234pt x 40.9554pt.
 [89

]
File: images/LOGO_unt.jpg Graphic file (type jpg)
<use images/LOGO_unt.jpg>
Package pdftex.def Info: images/LOGO_unt.jpg  used on input line 48.
(pdftex.def)             Requested size: 50.69234pt x 40.9554pt.
 [90

]
File: images/LOGO_unt.jpg Graphic file (type jpg)
<use images/LOGO_unt.jpg>
Package pdftex.def Info: images/LOGO_unt.jpg  used on input line 48.
(pdftex.def)             Requested size: 50.69234pt x 40.9554pt.
 [91

]
File: images/LOGO_unt.jpg Graphic file (type jpg)
<use images/LOGO_unt.jpg>
Package pdftex.def Info: images/LOGO_unt.jpg  used on input line 48.
(pdftex.def)             Requested size: 50.69234pt x 40.9554pt.
 [92

] (start.toc
LaTeX Info: Redefining \. on input line 1.
LaTeX Info: Redefining \% on input line 1.
)
File: images/LOGO_unt.jpg Graphic file (type jpg)
<use images/LOGO_unt.jpg>
Package pdftex.def Info: images/LOGO_unt.jpg  used on input line 51.
(pdftex.def)             Requested size: 50.69234pt x 40.9554pt.
 [93

]
File: images/LOGO_unt.jpg Graphic file (type jpg)
<use images/LOGO_unt.jpg>
Package pdftex.def Info: images/LOGO_unt.jpg  used on input line 65.
(pdftex.def)             Requested size: 50.69234pt x 40.9554pt.

[94

]
File: images/LOGO_unt.jpg Graphic file (type jpg)
<use images/LOGO_unt.jpg>
Package pdftex.def Info: images/LOGO_unt.jpg  used on input line 65.
(pdftex.def)             Requested size: 50.69234pt x 40.9554pt.
 [95

]
File: images/LOGO_unt.jpg Graphic file (type jpg)
<use images/LOGO_unt.jpg>
Package pdftex.def Info: images/LOGO_unt.jpg  used on input line 65.
(pdftex.def)             Requested size: 50.69234pt x 40.9554pt.
 [96

]
File: images/LOGO_unt.jpg Graphic file (type jpg)
<use images/LOGO_unt.jpg>
Package pdftex.def Info: images/LOGO_unt.jpg  used on input line 76.
(pdftex.def)             Requested size: 50.69234pt x 40.9554pt.
 [97

]
File: images/LOGO_unt.jpg Graphic file (type jpg)
<use images/LOGO_unt.jpg>
Package pdftex.def Info: images/LOGO_unt.jpg  used on input line 76.
(pdftex.def)             Requested size: 50.69234pt x 40.9554pt.
 [98

]
File: images/LOGO_unt.jpg Graphic file (type jpg)
<use images/LOGO_unt.jpg>
Package pdftex.def Info: images/LOGO_unt.jpg  used on input line 76.
(pdftex.def)             Requested size: 50.69234pt x 40.9554pt.
 [99

] (start.toc
LaTeX Info: Redefining \. on input line 1.
LaTeX Info: Redefining \% on input line 1.
)
File: images/LOGO_unt.jpg Graphic file (type jpg)
<use images/LOGO_unt.jpg>
Package pdftex.def Info: images/LOGO_unt.jpg  used on input line 78.
(pdftex.def)             Requested size: 50.69234pt x 40.9554pt.
 [100

] (start.bbl
Underfull \hbox (badness 6893) in paragraph at lines 14--17
[]\T1/phv/m/n/10 OMS (2017).  10 da-tos so-bre la se-gu-ri-dad vial en el mun-d
o.
 []

)
Overfull \vbox (7.01845pt too high) detected at line 85
 []

File: images/LOGO_unt.jpg Graphic file (type jpg)
<use images/LOGO_unt.jpg>
Package pdftex.def Info: images/LOGO_unt.jpg  used on input line 85.
(pdftex.def)             Requested size: 50.69234pt x 40.9554pt.
[101

])
\tf@nav=\write6
\openout6 = `start.nav'.

\tf@toc=\write7
\openout7 = `start.toc'.

\tf@snm=\write8
\openout8 = `start.snm'.

Package atveryend Info: Empty hook `BeforeClearDocument' on input line 84.
Package atveryend Info: Empty hook `AfterLastShipout' on input line 84.
 (start.aux
LaTeX Info: Redefining \. on input line 24.
LaTeX Info: Redefining \% on input line 24.
)
Package atveryend Info: Executing hook `AtVeryEndDocument' on input line 84.
Package atveryend Info: Executing hook `AtEndAfterFileList' on input line 84.
Package rerunfilecheck Info: File `start.out' has not changed.
(rerunfilecheck)             Checksum: 3D169D322CB5A9882D552F801656D439;951.
 ) 
Here is how much of TeX's memory you used:
 19633 strings out of 492970
 370051 string characters out of 3125706
 451948 words of memory out of 3000000
 22741 multiletter control sequences out of 15000+200000
 56832 words of font info for 76 fonts, out of 3000000 for 9000
 1141 hyphenation exceptions out of 8191
 56i,15n,68p,903b,880s stack positions out of 5000i,500n,10000p,200000b,50000s
{C:/Users/Usuario/AppData/Local/Programs/MiKTeX 2.9/fonts/enc/dvips/base/8r.e
nc}<C:/Users/Usuario/AppData/Local/Programs/MiKTeX 2.9/fonts/type1/public/amsfo
nts/cm/cmex10.pfb><C:/Users/Usuario/AppData/Local/Programs/MiKTeX 2.9/fonts/typ
e1/public/amsfonts/cm/cmmi9.pfb><C:/Users/Usuario/AppData/Local/Programs/MiKTeX
 2.9/fonts/type1/public/amsfonts/cm/cmss10.pfb><C:/Users/Usuario/AppData/Local/
Programs/MiKTeX 2.9/fonts/type1/public/amsfonts/cm/cmss8.pfb><C:/Users/Usuario/
AppData/Local/Programs/MiKTeX 2.9/fonts/type1/public/amsfonts/cm/cmsy10.pfb><C:
/Users/Usuario/AppData/Local/Programs/MiKTeX 2.9/fonts/type1/public/amsfonts/cm
/cmsy9.pfb><C:/Users/Usuario/AppData/Local/Programs/MiKTeX 2.9/fonts/type1/publ
ic/amsfonts/symbols/msam5.pfb><C:/Users/Usuario/AppData/Local/Programs/MiKTeX 2
.9/fonts/type1/urw/courier/ucrr8a.pfb><C:/Users/Usuario/AppData/Local/Programs/
MiKTeX 2.9/fonts/type1/urw/helvetic/uhvb8a.pfb><C:/Users/Usuario/AppData/Local/
Programs/MiKTeX 2.9/fonts/type1/urw/helvetic/uhvbo8a.pfb><C:/Users/Usuario/AppD
ata/Local/Programs/MiKTeX 2.9/fonts/type1/urw/helvetic/uhvr8a.pfb><C:/Users/Usu
ario/AppData/Local/Programs/MiKTeX 2.9/fonts/type1/urw/helvetic/uhvro8a.pfb>
Output written on start.pdf (101 pages, 1710239 bytes).
PDF statistics:
 3031 PDF objects out of 3580 (max. 8388607)
 226 named destinations out of 1000 (max. 500000)
 271 words of extra memory for PDF output out of 10000 (max. 10000000)

